<?xml version="1.0" encoding="UTF-8"?>
<!-- Generated by org.testng.reporters.JUnitReportReporter -->
<testsuite hostname="DESKTOP-PRJJSAR" failures="0" tests="6" name="api.test.DDTests" time="15.886" errors="0" timestamp="2024-11-04T20:23:50 IST" skipped="0">
  <testcase classname="api.test.DDTests" name="testPostUser" time="9.470"/>
  <testcase classname="api.test.DDTests" name="testPostUser" time="1.432"/>
  <testcase classname="api.test.DDTests" name="testPostUser" time="1.307"/>
  <testcase classname="api.test.DDTests" name="testDeleteUserByName" time="1.170"/>
  <testcase classname="api.test.DDTests" name="testDeleteUserByName" time="1.287"/>
  <testcase classname="api.test.DDTests" name="testDeleteUserByName" time="1.220"/>
</testsuite> <!-- api.test.DDTests -->
